[ 2023-04-26 20:18:52,345 ] 16 INFO Entered Preprocessing class...
[ 2023-04-26 20:18:52,345 ] 105 INFO entered scalerTransform class ..
[ 2023-04-26 20:18:52,345 ] 11 INFO entered Predict Pipeline
[ 2023-04-26 20:18:52,351 ] 224 WARNING  * Debugger is active!
[ 2023-04-26 20:18:52,364 ] 224 INFO  * Debugger PIN: 205-664-873
[ 2023-04-26 20:18:59,935 ] 224 INFO 127.0.0.1 - - [26/Apr/2023 20:18:59] "GET / HTTP/1.1" 200 -
[ 2023-04-26 20:18:59,954 ] 224 INFO 127.0.0.1 - - [26/Apr/2023 20:18:59] "[36mGET /static/main.css HTTP/1.1[0m" 304 -
[ 2023-04-26 20:19:35,046 ] 34 INFO started prediction
[ 2023-04-26 20:19:35,046 ] 40 INFO Model loading for prediction...
[ 2023-04-26 20:19:35,047 ] 76 INFO entered load_object
[ 2023-04-26 20:19:35,047 ] 79 INFO opening file to read...
[ 2023-04-26 20:19:35,047 ] 82 INFO reading file ... ... ...
[ 2023-04-26 20:19:35,088 ] 85 INFO file reading sucessfull ... 
 returning the file
[ 2023-04-26 20:19:35,088 ] 44 INFO Pickle file for scaler is loading ...
[ 2023-04-26 20:19:35,088 ] 76 INFO entered load_object
[ 2023-04-26 20:19:35,088 ] 79 INFO opening file to read...
[ 2023-04-26 20:19:35,088 ] 82 INFO reading file ... ... ...
[ 2023-04-26 20:19:35,089 ] 85 INFO file reading sucessfull ... 
 returning the file
[ 2023-04-26 20:19:35,089 ] 21 INFO Processing data started...
[ 2023-04-26 20:19:35,089 ] 23 INFO starting preprocessing of data ......
[ 2023-04-26 20:19:35,089 ] 27 INFO processing Journey Date
[ 2023-04-26 20:19:35,101 ] 38 INFO processing Journey Date completed
[ 2023-04-26 20:19:35,101 ] 40 INFO processing Duration of flight
[ 2023-04-26 20:19:35,102 ] 60 INFO processing Duration of flight completed
[ 2023-04-26 20:19:35,102 ] 63 INFO dropping columns whioch are not required 
 dropping ...
[ 2023-04-26 20:19:35,104 ] 67 INFO dropped!
[ 2023-04-26 20:19:35,104 ] 69 INFO preparing columns and dataframe for further process...
[ 2023-04-26 20:19:35,110 ] 89 INFO preprocessing completed successfully...!!!
[ 2023-04-26 20:19:35,115 ] 52 INFO transforming data using scaler file
[ 2023-04-26 20:19:35,123 ] 224 INFO 127.0.0.1 - - [26/Apr/2023 20:19:35] "POST /predict HTTP/1.1" 200 -
[ 2023-04-26 20:19:49,476 ] 34 INFO started prediction
[ 2023-04-26 20:19:49,476 ] 40 INFO Model loading for prediction...
[ 2023-04-26 20:19:49,477 ] 76 INFO entered load_object
[ 2023-04-26 20:19:49,477 ] 79 INFO opening file to read...
[ 2023-04-26 20:19:49,477 ] 82 INFO reading file ... ... ...
[ 2023-04-26 20:19:49,482 ] 85 INFO file reading sucessfull ... 
 returning the file
[ 2023-04-26 20:19:49,482 ] 44 INFO Pickle file for scaler is loading ...
[ 2023-04-26 20:19:49,482 ] 76 INFO entered load_object
[ 2023-04-26 20:19:49,482 ] 79 INFO opening file to read...
[ 2023-04-26 20:19:49,483 ] 82 INFO reading file ... ... ...
[ 2023-04-26 20:19:49,483 ] 85 INFO file reading sucessfull ... 
 returning the file
[ 2023-04-26 20:19:49,485 ] 21 INFO Processing data started...
[ 2023-04-26 20:19:49,485 ] 23 INFO starting preprocessing of data ......
[ 2023-04-26 20:19:49,485 ] 27 INFO processing Journey Date
[ 2023-04-26 20:19:49,493 ] 38 INFO processing Journey Date completed
[ 2023-04-26 20:19:49,494 ] 40 INFO processing Duration of flight
[ 2023-04-26 20:19:49,494 ] 60 INFO processing Duration of flight completed
[ 2023-04-26 20:19:49,494 ] 63 INFO dropping columns whioch are not required 
 dropping ...
[ 2023-04-26 20:19:49,496 ] 67 INFO dropped!
[ 2023-04-26 20:19:49,496 ] 69 INFO preparing columns and dataframe for further process...
[ 2023-04-26 20:19:49,501 ] 89 INFO preprocessing completed successfully...!!!
[ 2023-04-26 20:19:49,507 ] 52 INFO transforming data using scaler file
[ 2023-04-26 20:19:49,511 ] 224 INFO 127.0.0.1 - - [26/Apr/2023 20:19:49] "POST /predict HTTP/1.1" 200 -
[ 2023-04-26 20:53:02,252 ] 34 INFO started prediction
[ 2023-04-26 20:53:02,253 ] 40 INFO Model loading for prediction...
[ 2023-04-26 20:53:02,253 ] 76 INFO entered load_object
[ 2023-04-26 20:53:02,253 ] 79 INFO opening file to read...
[ 2023-04-26 20:53:02,254 ] 82 INFO reading file ... ... ...
[ 2023-04-26 20:53:02,268 ] 85 INFO file reading sucessfull ... 
 returning the file
[ 2023-04-26 20:53:02,269 ] 44 INFO Pickle file for scaler is loading ...
[ 2023-04-26 20:53:02,269 ] 76 INFO entered load_object
[ 2023-04-26 20:53:02,269 ] 79 INFO opening file to read...
[ 2023-04-26 20:53:02,269 ] 82 INFO reading file ... ... ...
[ 2023-04-26 20:53:02,269 ] 85 INFO file reading sucessfull ... 
 returning the file
[ 2023-04-26 20:53:02,271 ] 21 INFO Processing data started...
[ 2023-04-26 20:53:02,271 ] 23 INFO starting preprocessing of data ......
[ 2023-04-26 20:53:02,271 ] 27 INFO processing Journey Date
[ 2023-04-26 20:53:02,295 ] 38 INFO processing Journey Date completed
[ 2023-04-26 20:53:02,295 ] 40 INFO processing Duration of flight
[ 2023-04-26 20:53:02,295 ] 60 INFO processing Duration of flight completed
[ 2023-04-26 20:53:02,295 ] 63 INFO dropping columns whioch are not required 
 dropping ...
[ 2023-04-26 20:53:02,300 ] 67 INFO dropped!
[ 2023-04-26 20:53:02,300 ] 69 INFO preparing columns and dataframe for further process...
[ 2023-04-26 20:53:02,307 ] 89 INFO preprocessing completed successfully...!!!
[ 2023-04-26 20:53:02,313 ] 52 INFO transforming data using scaler file
[ 2023-04-26 20:53:02,320 ] 224 INFO 127.0.0.1 - - [26/Apr/2023 20:53:02] "POST /predict HTTP/1.1" 200 -
[ 2023-04-26 20:53:49,425 ] 34 INFO started prediction
[ 2023-04-26 20:53:49,425 ] 40 INFO Model loading for prediction...
[ 2023-04-26 20:53:49,425 ] 76 INFO entered load_object
[ 2023-04-26 20:53:49,425 ] 79 INFO opening file to read...
[ 2023-04-26 20:53:49,425 ] 82 INFO reading file ... ... ...
[ 2023-04-26 20:53:49,429 ] 85 INFO file reading sucessfull ... 
 returning the file
[ 2023-04-26 20:53:49,429 ] 44 INFO Pickle file for scaler is loading ...
[ 2023-04-26 20:53:49,429 ] 76 INFO entered load_object
[ 2023-04-26 20:53:49,429 ] 79 INFO opening file to read...
[ 2023-04-26 20:53:49,429 ] 82 INFO reading file ... ... ...
[ 2023-04-26 20:53:49,430 ] 85 INFO file reading sucessfull ... 
 returning the file
[ 2023-04-26 20:53:49,431 ] 21 INFO Processing data started...
[ 2023-04-26 20:53:49,431 ] 23 INFO starting preprocessing of data ......
[ 2023-04-26 20:53:49,431 ] 27 INFO processing Journey Date
[ 2023-04-26 20:53:49,437 ] 38 INFO processing Journey Date completed
[ 2023-04-26 20:53:49,437 ] 40 INFO processing Duration of flight
[ 2023-04-26 20:53:49,438 ] 60 INFO processing Duration of flight completed
[ 2023-04-26 20:53:49,438 ] 63 INFO dropping columns whioch are not required 
 dropping ...
[ 2023-04-26 20:53:49,439 ] 67 INFO dropped!
[ 2023-04-26 20:53:49,439 ] 69 INFO preparing columns and dataframe for further process...
[ 2023-04-26 20:53:49,446 ] 89 INFO preprocessing completed successfully...!!!
[ 2023-04-26 20:53:49,449 ] 52 INFO transforming data using scaler file
[ 2023-04-26 20:53:49,452 ] 224 INFO 127.0.0.1 - - [26/Apr/2023 20:53:49] "POST /predict HTTP/1.1" 200 -
[ 2023-04-26 20:54:08,272 ] 34 INFO started prediction
[ 2023-04-26 20:54:08,272 ] 40 INFO Model loading for prediction...
[ 2023-04-26 20:54:08,272 ] 76 INFO entered load_object
[ 2023-04-26 20:54:08,272 ] 79 INFO opening file to read...
[ 2023-04-26 20:54:08,272 ] 82 INFO reading file ... ... ...
[ 2023-04-26 20:54:08,275 ] 85 INFO file reading sucessfull ... 
 returning the file
[ 2023-04-26 20:54:08,276 ] 44 INFO Pickle file for scaler is loading ...
[ 2023-04-26 20:54:08,276 ] 76 INFO entered load_object
[ 2023-04-26 20:54:08,276 ] 79 INFO opening file to read...
[ 2023-04-26 20:54:08,276 ] 82 INFO reading file ... ... ...
[ 2023-04-26 20:54:08,276 ] 85 INFO file reading sucessfull ... 
 returning the file
[ 2023-04-26 20:54:08,277 ] 21 INFO Processing data started...
[ 2023-04-26 20:54:08,277 ] 23 INFO starting preprocessing of data ......
[ 2023-04-26 20:54:08,278 ] 27 INFO processing Journey Date
[ 2023-04-26 20:54:08,287 ] 38 INFO processing Journey Date completed
[ 2023-04-26 20:54:08,287 ] 40 INFO processing Duration of flight
[ 2023-04-26 20:54:08,288 ] 60 INFO processing Duration of flight completed
[ 2023-04-26 20:54:08,288 ] 63 INFO dropping columns whioch are not required 
 dropping ...
[ 2023-04-26 20:54:08,289 ] 67 INFO dropped!
[ 2023-04-26 20:54:08,289 ] 69 INFO preparing columns and dataframe for further process...
[ 2023-04-26 20:54:08,297 ] 89 INFO preprocessing completed successfully...!!!
[ 2023-04-26 20:54:08,302 ] 52 INFO transforming data using scaler file
[ 2023-04-26 20:54:08,306 ] 224 INFO 127.0.0.1 - - [26/Apr/2023 20:54:08] "POST /predict HTTP/1.1" 200 -
[ 2023-04-26 20:54:20,723 ] 34 INFO started prediction
[ 2023-04-26 20:54:20,724 ] 40 INFO Model loading for prediction...
[ 2023-04-26 20:54:20,724 ] 76 INFO entered load_object
[ 2023-04-26 20:54:20,724 ] 79 INFO opening file to read...
[ 2023-04-26 20:54:20,724 ] 82 INFO reading file ... ... ...
[ 2023-04-26 20:54:20,727 ] 85 INFO file reading sucessfull ... 
 returning the file
[ 2023-04-26 20:54:20,727 ] 44 INFO Pickle file for scaler is loading ...
[ 2023-04-26 20:54:20,727 ] 76 INFO entered load_object
[ 2023-04-26 20:54:20,727 ] 79 INFO opening file to read...
[ 2023-04-26 20:54:20,728 ] 82 INFO reading file ... ... ...
[ 2023-04-26 20:54:20,728 ] 85 INFO file reading sucessfull ... 
 returning the file
[ 2023-04-26 20:54:20,729 ] 21 INFO Processing data started...
[ 2023-04-26 20:54:20,729 ] 23 INFO starting preprocessing of data ......
[ 2023-04-26 20:54:20,729 ] 27 INFO processing Journey Date
[ 2023-04-26 20:54:20,736 ] 38 INFO processing Journey Date completed
[ 2023-04-26 20:54:20,736 ] 40 INFO processing Duration of flight
[ 2023-04-26 20:54:20,736 ] 60 INFO processing Duration of flight completed
[ 2023-04-26 20:54:20,737 ] 63 INFO dropping columns whioch are not required 
 dropping ...
[ 2023-04-26 20:54:20,738 ] 67 INFO dropped!
[ 2023-04-26 20:54:20,738 ] 69 INFO preparing columns and dataframe for further process...
[ 2023-04-26 20:54:20,745 ] 89 INFO preprocessing completed successfully...!!!
[ 2023-04-26 20:54:20,752 ] 52 INFO transforming data using scaler file
[ 2023-04-26 20:54:20,757 ] 224 INFO 127.0.0.1 - - [26/Apr/2023 20:54:20] "POST /predict HTTP/1.1" 200 -
[ 2023-04-26 20:54:34,326 ] 34 INFO started prediction
[ 2023-04-26 20:54:34,326 ] 40 INFO Model loading for prediction...
[ 2023-04-26 20:54:34,326 ] 76 INFO entered load_object
[ 2023-04-26 20:54:34,326 ] 79 INFO opening file to read...
[ 2023-04-26 20:54:34,327 ] 82 INFO reading file ... ... ...
[ 2023-04-26 20:54:34,331 ] 85 INFO file reading sucessfull ... 
 returning the file
[ 2023-04-26 20:54:34,332 ] 44 INFO Pickle file for scaler is loading ...
[ 2023-04-26 20:54:34,332 ] 76 INFO entered load_object
[ 2023-04-26 20:54:34,332 ] 79 INFO opening file to read...
[ 2023-04-26 20:54:34,332 ] 82 INFO reading file ... ... ...
[ 2023-04-26 20:54:34,333 ] 85 INFO file reading sucessfull ... 
 returning the file
[ 2023-04-26 20:54:34,334 ] 21 INFO Processing data started...
[ 2023-04-26 20:54:34,334 ] 23 INFO starting preprocessing of data ......
[ 2023-04-26 20:54:34,334 ] 27 INFO processing Journey Date
[ 2023-04-26 20:54:34,344 ] 38 INFO processing Journey Date completed
[ 2023-04-26 20:54:34,344 ] 40 INFO processing Duration of flight
[ 2023-04-26 20:54:34,345 ] 60 INFO processing Duration of flight completed
[ 2023-04-26 20:54:34,345 ] 63 INFO dropping columns whioch are not required 
 dropping ...
[ 2023-04-26 20:54:34,346 ] 67 INFO dropped!
[ 2023-04-26 20:54:34,346 ] 69 INFO preparing columns and dataframe for further process...
[ 2023-04-26 20:54:34,354 ] 89 INFO preprocessing completed successfully...!!!
[ 2023-04-26 20:54:34,359 ] 52 INFO transforming data using scaler file
[ 2023-04-26 20:54:34,363 ] 224 INFO 127.0.0.1 - - [26/Apr/2023 20:54:34] "POST /predict HTTP/1.1" 200 -
[ 2023-04-26 20:54:53,210 ] 34 INFO started prediction
[ 2023-04-26 20:54:53,211 ] 40 INFO Model loading for prediction...
[ 2023-04-26 20:54:53,211 ] 76 INFO entered load_object
[ 2023-04-26 20:54:53,211 ] 79 INFO opening file to read...
[ 2023-04-26 20:54:53,211 ] 82 INFO reading file ... ... ...
[ 2023-04-26 20:54:53,215 ] 85 INFO file reading sucessfull ... 
 returning the file
[ 2023-04-26 20:54:53,215 ] 44 INFO Pickle file for scaler is loading ...
[ 2023-04-26 20:54:53,215 ] 76 INFO entered load_object
[ 2023-04-26 20:54:53,215 ] 79 INFO opening file to read...
[ 2023-04-26 20:54:53,216 ] 82 INFO reading file ... ... ...
[ 2023-04-26 20:54:53,216 ] 85 INFO file reading sucessfull ... 
 returning the file
[ 2023-04-26 20:54:53,217 ] 21 INFO Processing data started...
[ 2023-04-26 20:54:53,217 ] 23 INFO starting preprocessing of data ......
[ 2023-04-26 20:54:53,218 ] 27 INFO processing Journey Date
[ 2023-04-26 20:54:53,226 ] 38 INFO processing Journey Date completed
[ 2023-04-26 20:54:53,226 ] 40 INFO processing Duration of flight
[ 2023-04-26 20:54:53,227 ] 60 INFO processing Duration of flight completed
[ 2023-04-26 20:54:53,227 ] 63 INFO dropping columns whioch are not required 
 dropping ...
[ 2023-04-26 20:54:53,228 ] 67 INFO dropped!
[ 2023-04-26 20:54:53,228 ] 69 INFO preparing columns and dataframe for further process...
[ 2023-04-26 20:54:53,236 ] 89 INFO preprocessing completed successfully...!!!
[ 2023-04-26 20:54:53,241 ] 52 INFO transforming data using scaler file
[ 2023-04-26 20:54:53,245 ] 224 INFO 127.0.0.1 - - [26/Apr/2023 20:54:53] "POST /predict HTTP/1.1" 200 -
[ 2023-04-26 20:55:06,890 ] 34 INFO started prediction
[ 2023-04-26 20:55:06,890 ] 40 INFO Model loading for prediction...
[ 2023-04-26 20:55:06,890 ] 76 INFO entered load_object
[ 2023-04-26 20:55:06,891 ] 79 INFO opening file to read...
[ 2023-04-26 20:55:06,891 ] 82 INFO reading file ... ... ...
[ 2023-04-26 20:55:06,896 ] 85 INFO file reading sucessfull ... 
 returning the file
[ 2023-04-26 20:55:06,896 ] 44 INFO Pickle file for scaler is loading ...
[ 2023-04-26 20:55:06,896 ] 76 INFO entered load_object
[ 2023-04-26 20:55:06,896 ] 79 INFO opening file to read...
[ 2023-04-26 20:55:06,896 ] 82 INFO reading file ... ... ...
[ 2023-04-26 20:55:06,897 ] 85 INFO file reading sucessfull ... 
 returning the file
[ 2023-04-26 20:55:06,898 ] 21 INFO Processing data started...
[ 2023-04-26 20:55:06,899 ] 23 INFO starting preprocessing of data ......
[ 2023-04-26 20:55:06,899 ] 27 INFO processing Journey Date
[ 2023-04-26 20:55:06,908 ] 38 INFO processing Journey Date completed
[ 2023-04-26 20:55:06,908 ] 40 INFO processing Duration of flight
[ 2023-04-26 20:55:06,909 ] 60 INFO processing Duration of flight completed
[ 2023-04-26 20:55:06,909 ] 63 INFO dropping columns whioch are not required 
 dropping ...
[ 2023-04-26 20:55:06,910 ] 67 INFO dropped!
[ 2023-04-26 20:55:06,910 ] 69 INFO preparing columns and dataframe for further process...
[ 2023-04-26 20:55:06,916 ] 89 INFO preprocessing completed successfully...!!!
[ 2023-04-26 20:55:06,922 ] 52 INFO transforming data using scaler file
[ 2023-04-26 20:55:06,926 ] 224 INFO 127.0.0.1 - - [26/Apr/2023 20:55:06] "POST /predict HTTP/1.1" 200 -
[ 2023-04-26 20:59:15,358 ] 224 INFO 127.0.0.1 - - [26/Apr/2023 20:59:15] "GET / HTTP/1.1" 200 -
[ 2023-04-26 20:59:15,378 ] 224 INFO 127.0.0.1 - - [26/Apr/2023 20:59:15] "[36mGET /static/main.css HTTP/1.1[0m" 304 -
